[debug] [2017-08-09T01:19:57.298Z] ----------------------------------------------------------------------
[debug] [2017-08-09T01:19:57.314Z] Command:       C:\Program Files\nodejs\node.exe C:\Users\user\AppData\Roaming\npm\node_modules\firebase-tools\bin\firebase serve
[debug] [2017-08-09T01:19:57.314Z] CLI Version:   3.9.2
[debug] [2017-08-09T01:19:57.314Z] Platform:      win32
[debug] [2017-08-09T01:19:57.314Z] Node Version:  v6.10.1
[debug] [2017-08-09T01:19:57.314Z] Time:          Tue Aug 08 2017 21:19:57 GMT-0400 (Eastern Daylight Time)
[debug] [2017-08-09T01:19:57.314Z] ----------------------------------------------------------------------
[debug] 
[debug] [2017-08-09T01:19:57.314Z] > command requires scopes: ["email","openid","https://www.googleapis.com/auth/cloudplatformprojects.readonly","https://www.googleapis.com/auth/firebase","https://www.googleapis.com/auth/cloud-platform"]
[debug] [2017-08-09T01:19:57.314Z] > authorizing via signed-in user
[debug] [2017-08-09T01:19:57.330Z] >>> HTTP REQUEST GET https://admin.firebase.com/v1/projects/steem-rich  
 Tue Aug 08 2017 21:19:57 GMT-0400 (Eastern Daylight Time)
[debug] [2017-08-09T01:19:58.483Z] <<< HTTP RESPONSE 200
[debug] [2017-08-09T01:19:58.483Z] >>> HTTP REQUEST GET https://admin.firebase.com/v1/database/steem-rich/tokens  
 Tue Aug 08 2017 21:19:58 GMT-0400 (Eastern Daylight Time)
[debug] [2017-08-09T01:19:58.999Z] <<< HTTP RESPONSE 200
[info] 
[info] === Serving from 'C:\Users\user\Documents\GitHub\Web\steem-rich'...
[info] 
[debug] [2017-08-09T01:19:58.999Z] >>> HTTP REQUEST GET https://cloudresourcemanager.googleapis.com/v1/projects/steem-rich  
 Tue Aug 08 2017 21:19:58 GMT-0400 (Eastern Daylight Time)
[debug] [2017-08-09T01:19:59.360Z] <<< HTTP RESPONSE 200
[debug] [2017-08-09T01:19:59.376Z] >>> HTTP REQUEST GET https://mobilesdk-pa.googleapis.com/v1/projects/562047536983/clients/_:getWebAppConfig  
 Tue Aug 08 2017 21:19:59 GMT-0400 (Eastern Daylight Time)
[debug] [2017-08-09T01:19:59.860Z] <<< HTTP RESPONSE 200
[info] i  hosting: Serving hosting files from: public
[info] +  hosting: Local server: http://localhost:5000

